{"/Users/jhin1m/Desktop/ducanh-project/admin-manga-v3/app/app.config.ts": {"path":"/Users/jhin1m/Desktop/ducanh-project/admin-manga-v3/app/app.config.ts","statementMap":{},"fnMap":{},"branchMap":{},"s":{},"f":{},"b":{},"meta":{"lastBranch":0,"lastFunction":0,"lastStatement":0,"seen":{}}}
,"/Users/jhin1m/Desktop/ducanh-project/admin-manga-v3/app/app.vue": {"path":"/Users/jhin1m/Desktop/ducanh-project/admin-manga-v3/app/app.vue","statementMap":{"0":{"start":{"line":2,"column":2},"end":{"line":2,"column":null}},"1":{"start":{"line":4,"column":0},"end":{"line":14,"column":null}},"2":{"start":{"line":21,"column":2},"end":{"line":21,"column":null}}},"fnMap":{},"branchMap":{},"s":{"0":0,"1":0,"2":0},"f":{},"b":{},"meta":{"lastBranch":0,"lastFunction":0,"lastStatement":3,"seen":{"s:2:2:2:Infinity":0,"s:4:0:14:Infinity":1,"s:21:2:21:Infinity":2}}}
,"/Users/jhin1m/Desktop/ducanh-project/admin-manga-v3/app/components/AppLogo.vue": {"path":"/Users/jhin1m/Desktop/ducanh-project/admin-manga-v3/app/components/AppLogo.vue","statementMap":{},"fnMap":{},"branchMap":{},"s":{},"f":{},"b":{},"meta":{"lastBranch":0,"lastFunction":0,"lastStatement":0,"seen":{}}}
,"/Users/jhin1m/Desktop/ducanh-project/admin-manga-v3/app/components/dashboard/StatCard.vue": {"path":"/Users/jhin1m/Desktop/ducanh-project/admin-manga-v3/app/components/dashboard/StatCard.vue","statementMap":{"0":{"start":{"line":14,"column":10},"end":{"line":14,"column":45}},"1":{"start":{"line":13,"column":2},"end":{"line":13,"column":null}}},"fnMap":{},"branchMap":{"0":{"loc":{"start":{"line":18,"column":6},"end":{"line":23,"column":null}},"type":"cond-expr","locations":[{"start":{"line":18,"column":6},"end":{"line":19,"column":null}},{"start":{"line":24,"column":11},"end":{"line":23,"column":null}}],"line":18}},"s":{"0":2,"1":0},"f":{},"b":{"0":[0,0]},"meta":{"lastBranch":1,"lastFunction":0,"lastStatement":2,"seen":{"s:14:10:14:45":0,"s:13:2:13:Infinity":1,"b:18:6:19:Infinity:24:11:23:Infinity":0}}}
,"/Users/jhin1m/Desktop/ducanh-project/admin-manga-v3/app/composables/use-auth.ts": {"path":"/Users/jhin1m/Desktop/ducanh-project/admin-manga-v3/app/composables/use-auth.ts","statementMap":{"0":{"start":{"line":20,"column":18},"end":{"line":20,"column":null}},"1":{"start":{"line":23,"column":8},"end":{"line":23,"column":null}},"2":{"start":{"line":24,"column":8},"end":{"line":24,"column":null}},"3":{"start":{"line":27,"column":8},"end":{"line":32,"column":null}},"4":{"start":{"line":35,"column":8},"end":{"line":35,"column":null}},"5":{"start":{"line":35,"column":56},"end":{"line":35,"column":60}},"6":{"start":{"line":36,"column":8},"end":{"line":36,"column":null}},"7":{"start":{"line":36,"column":51},"end":{"line":36,"column":56}},"8":{"start":{"line":38,"column":8},"end":{"line":38,"column":null}},"9":{"start":{"line":38,"column":41},"end":{"line":38,"column":60}},"10":{"start":{"line":42,"column":4},"end":{"line":44,"column":null}},"11":{"start":{"line":43,"column":6},"end":{"line":43,"column":null}},"12":{"start":{"line":49,"column":4},"end":{"line":49,"column":null}},"13":{"start":{"line":50,"column":4},"end":{"line":72,"column":null}},"14":{"start":{"line":51,"column":18},"end":{"line":58,"column":null}},"15":{"start":{"line":60,"column":6},"end":{"line":60,"column":null}},"16":{"start":{"line":61,"column":6},"end":{"line":61,"column":null}},"17":{"start":{"line":63,"column":6},"end":{"line":63,"column":null}},"18":{"start":{"line":64,"column":6},"end":{"line":64,"column":null}},"19":{"start":{"line":66,"column":23},"end":{"line":66,"column":null}},"20":{"start":{"line":67,"column":18},"end":{"line":67,"column":null}},"21":{"start":{"line":68,"column":6},"end":{"line":68,"column":null}},"22":{"start":{"line":69,"column":6},"end":{"line":69,"column":null}},"23":{"start":{"line":71,"column":6},"end":{"line":71,"column":null}},"24":{"start":{"line":77,"column":4},"end":{"line":77,"column":null}},"25":{"start":{"line":77,"column":28},"end":{"line":77,"column":null}},"26":{"start":{"line":78,"column":4},"end":{"line":90,"column":null}},"27":{"start":{"line":79,"column":18},"end":{"line":82,"column":null}},"28":{"start":{"line":83,"column":6},"end":{"line":83,"column":null}},"29":{"start":{"line":86,"column":23},"end":{"line":86,"column":null}},"30":{"start":{"line":87,"column":6},"end":{"line":89,"column":null}},"31":{"start":{"line":88,"column":8},"end":{"line":88,"column":null}},"32":{"start":{"line":95,"column":4},"end":{"line":105,"column":null}},"33":{"start":{"line":96,"column":6},"end":{"line":104,"column":null}},"34":{"start":{"line":97,"column":8},"end":{"line":101,"column":null}},"35":{"start":{"line":107,"column":4},"end":{"line":107,"column":null}},"36":{"start":{"line":108,"column":4},"end":{"line":108,"column":null}},"37":{"start":{"line":110,"column":4},"end":{"line":110,"column":null}},"38":{"start":{"line":113,"column":2},"end":{"line":122,"column":null}}},"fnMap":{"0":{"name":"useAuth","decl":{"start":{"line":22,"column":16},"end":{"line":22,"column":26}},"loc":{"start":{"line":22,"column":26},"end":{"line":123,"column":null}},"line":22},"1":{"name":"(anonymous_1)","decl":{"start":{"line":35,"column":50},"end":{"line":35,"column":56}},"loc":{"start":{"line":35,"column":56},"end":{"line":35,"column":60}},"line":35},"2":{"name":"(anonymous_2)","decl":{"start":{"line":36,"column":45},"end":{"line":36,"column":51}},"loc":{"start":{"line":36,"column":51},"end":{"line":36,"column":56}},"line":36},"3":{"name":"(anonymous_3)","decl":{"start":{"line":38,"column":35},"end":{"line":38,"column":41}},"loc":{"start":{"line":38,"column":41},"end":{"line":38,"column":60}},"line":38},"4":{"name":"init","decl":{"start":{"line":41,"column":11},"end":{"line":41,"column":18}},"loc":{"start":{"line":41,"column":18},"end":{"line":45,"column":null}},"line":41},"5":{"name":"login","decl":{"start":{"line":48,"column":17},"end":{"line":48,"column":23}},"loc":{"start":{"line":48,"column":54},"end":{"line":73,"column":null}},"line":48},"6":{"name":"fetchProfile","decl":{"start":{"line":76,"column":17},"end":{"line":76,"column":32}},"loc":{"start":{"line":76,"column":32},"end":{"line":91,"column":null}},"line":76},"7":{"name":"logout","decl":{"start":{"line":94,"column":17},"end":{"line":94,"column":26}},"loc":{"start":{"line":94,"column":26},"end":{"line":111,"column":null}},"line":94}},"branchMap":{"0":{"loc":{"start":{"line":42,"column":4},"end":{"line":44,"column":null}},"type":"if","locations":[{"start":{"line":42,"column":4},"end":{"line":44,"column":null}},{"start":{},"end":{}}],"line":42},"1":{"loc":{"start":{"line":67,"column":18},"end":{"line":67,"column":null}},"type":"binary-expr","locations":[{"start":{"line":67,"column":18},"end":{"line":67,"column":38}},{"start":{"line":67,"column":38},"end":{"line":67,"column":null}}],"line":67},"2":{"loc":{"start":{"line":77,"column":4},"end":{"line":77,"column":null}},"type":"if","locations":[{"start":{"line":77,"column":4},"end":{"line":77,"column":null}},{"start":{},"end":{}}],"line":77},"3":{"loc":{"start":{"line":87,"column":6},"end":{"line":89,"column":null}},"type":"if","locations":[{"start":{"line":87,"column":6},"end":{"line":89,"column":null}},{"start":{},"end":{}}],"line":87},"4":{"loc":{"start":{"line":95,"column":4},"end":{"line":105,"column":null}},"type":"if","locations":[{"start":{"line":95,"column":4},"end":{"line":105,"column":null}},{"start":{},"end":{}}],"line":95}},"s":{"0":3,"1":17,"2":17,"3":17,"4":17,"5":2,"6":17,"7":2,"8":17,"9":12,"10":0,"11":0,"12":0,"13":0,"14":0,"15":0,"16":0,"17":0,"18":0,"19":0,"20":0,"21":0,"22":0,"23":0,"24":0,"25":0,"26":0,"27":0,"28":0,"29":0,"30":0,"31":0,"32":0,"33":0,"34":0,"35":0,"36":0,"37":0,"38":17},"f":{"0":17,"1":2,"2":2,"3":12,"4":0,"5":0,"6":0,"7":0},"b":{"0":[0,0],"1":[0,0],"2":[0,0],"3":[0,0],"4":[0,0]},"meta":{"lastBranch":5,"lastFunction":8,"lastStatement":39,"seen":{"s:20:18:20:Infinity":0,"f:22:16:22:26":0,"s:23:8:23:Infinity":1,"s:24:8:24:Infinity":2,"s:27:8:32:Infinity":3,"s:35:8:35:Infinity":4,"f:35:50:35:56":1,"s:35:56:35:60":5,"s:36:8:36:Infinity":6,"f:36:45:36:51":2,"s:36:51:36:56":7,"s:38:8:38:Infinity":8,"f:38:35:38:41":3,"s:38:41:38:60":9,"f:41:11:41:18":4,"b:42:4:44:Infinity:undefined:undefined:undefined:undefined":0,"s:42:4:44:Infinity":10,"s:43:6:43:Infinity":11,"f:48:17:48:23":5,"s:49:4:49:Infinity":12,"s:50:4:72:Infinity":13,"s:51:18:58:Infinity":14,"s:60:6:60:Infinity":15,"s:61:6:61:Infinity":16,"s:63:6:63:Infinity":17,"s:64:6:64:Infinity":18,"s:66:23:66:Infinity":19,"s:67:18:67:Infinity":20,"b:67:18:67:38:67:38:67:Infinity":1,"s:68:6:68:Infinity":21,"s:69:6:69:Infinity":22,"s:71:6:71:Infinity":23,"f:76:17:76:32":6,"b:77:4:77:Infinity:undefined:undefined:undefined:undefined":2,"s:77:4:77:Infinity":24,"s:77:28:77:Infinity":25,"s:78:4:90:Infinity":26,"s:79:18:82:Infinity":27,"s:83:6:83:Infinity":28,"s:86:23:86:Infinity":29,"b:87:6:89:Infinity:undefined:undefined:undefined:undefined":3,"s:87:6:89:Infinity":30,"s:88:8:88:Infinity":31,"f:94:17:94:26":7,"b:95:4:105:Infinity:undefined:undefined:undefined:undefined":4,"s:95:4:105:Infinity":32,"s:96:6:104:Infinity":33,"s:97:8:101:Infinity":34,"s:107:4:107:Infinity":35,"s:108:4:108:Infinity":36,"s:110:4:110:Infinity":37,"s:113:2:122:Infinity":38}}}
,"/Users/jhin1m/Desktop/ducanh-project/admin-manga-v3/app/composables/use-statistics.ts": {"path":"/Users/jhin1m/Desktop/ducanh-project/admin-manga-v3/app/composables/use-statistics.ts","statementMap":{"0":{"start":{"line":11,"column":8},"end":{"line":11,"column":null}},"1":{"start":{"line":12,"column":8},"end":{"line":12,"column":null}},"2":{"start":{"line":14,"column":8},"end":{"line":14,"column":null}},"3":{"start":{"line":14,"column":73},"end":{"line":14,"column":77}},"4":{"start":{"line":15,"column":8},"end":{"line":15,"column":null}},"5":{"start":{"line":15,"column":52},"end":{"line":15,"column":57}},"6":{"start":{"line":16,"column":8},"end":{"line":16,"column":null}},"7":{"start":{"line":16,"column":61},"end":{"line":16,"column":65}},"8":{"start":{"line":19,"column":4},"end":{"line":19,"column":null}},"9":{"start":{"line":19,"column":27},"end":{"line":19,"column":null}},"10":{"start":{"line":21,"column":4},"end":{"line":21,"column":null}},"11":{"start":{"line":22,"column":4},"end":{"line":22,"column":null}},"12":{"start":{"line":24,"column":4},"end":{"line":35,"column":null}},"13":{"start":{"line":25,"column":18},"end":{"line":28,"column":null}},"14":{"start":{"line":29,"column":6},"end":{"line":29,"column":null}},"15":{"start":{"line":31,"column":6},"end":{"line":31,"column":null}},"16":{"start":{"line":32,"column":6},"end":{"line":32,"column":null}},"17":{"start":{"line":34,"column":6},"end":{"line":34,"column":null}},"18":{"start":{"line":38,"column":2},"end":{"line":43,"column":null}}},"fnMap":{"0":{"name":"useStatistics","decl":{"start":{"line":10,"column":16},"end":{"line":10,"column":32}},"loc":{"start":{"line":10,"column":32},"end":{"line":44,"column":null}},"line":10},"1":{"name":"(anonymous_1)","decl":{"start":{"line":14,"column":67},"end":{"line":14,"column":73}},"loc":{"start":{"line":14,"column":73},"end":{"line":14,"column":77}},"line":14},"2":{"name":"(anonymous_2)","decl":{"start":{"line":15,"column":46},"end":{"line":15,"column":52}},"loc":{"start":{"line":15,"column":52},"end":{"line":15,"column":57}},"line":15},"3":{"name":"(anonymous_3)","decl":{"start":{"line":16,"column":55},"end":{"line":16,"column":61}},"loc":{"start":{"line":16,"column":61},"end":{"line":16,"column":65}},"line":16},"4":{"name":"fetchStats","decl":{"start":{"line":18,"column":17},"end":{"line":18,"column":30}},"loc":{"start":{"line":18,"column":30},"end":{"line":36,"column":null}},"line":18}},"branchMap":{"0":{"loc":{"start":{"line":19,"column":4},"end":{"line":19,"column":null}},"type":"if","locations":[{"start":{"line":19,"column":4},"end":{"line":19,"column":null}},{"start":{},"end":{}}],"line":19}},"s":{"0":0,"1":0,"2":0,"3":0,"4":0,"5":0,"6":0,"7":0,"8":0,"9":0,"10":0,"11":0,"12":0,"13":0,"14":0,"15":0,"16":0,"17":0,"18":0},"f":{"0":0,"1":0,"2":0,"3":0,"4":0},"b":{"0":[0,0]},"meta":{"lastBranch":1,"lastFunction":5,"lastStatement":19,"seen":{"f:10:16:10:32":0,"s:11:8:11:Infinity":0,"s:12:8:12:Infinity":1,"s:14:8:14:Infinity":2,"f:14:67:14:73":1,"s:14:73:14:77":3,"s:15:8:15:Infinity":4,"f:15:46:15:52":2,"s:15:52:15:57":5,"s:16:8:16:Infinity":6,"f:16:55:16:61":3,"s:16:61:16:65":7,"f:18:17:18:30":4,"b:19:4:19:Infinity:undefined:undefined:undefined:undefined":0,"s:19:4:19:Infinity":8,"s:19:27:19:Infinity":9,"s:21:4:21:Infinity":10,"s:22:4:22:Infinity":11,"s:24:4:35:Infinity":12,"s:25:18:28:Infinity":13,"s:29:6:29:Infinity":14,"s:31:6:31:Infinity":15,"s:32:6:32:Infinity":16,"s:34:6:34:Infinity":17,"s:38:2:43:Infinity":18}}}
,"/Users/jhin1m/Desktop/ducanh-project/admin-manga-v3/app/config/navigation.ts": {"path":"/Users/jhin1m/Desktop/ducanh-project/admin-manga-v3/app/config/navigation.ts","statementMap":{"0":{"start":{"line":8,"column":42},"end":{"line":32,"column":null}}},"fnMap":{},"branchMap":{},"s":{"0":1},"f":{},"b":{},"meta":{"lastBranch":0,"lastFunction":0,"lastStatement":1,"seen":{"s:8:42:32:Infinity":0}}}
,"/Users/jhin1m/Desktop/ducanh-project/admin-manga-v3/app/layouts/default.vue": {"path":"/Users/jhin1m/Desktop/ducanh-project/admin-manga-v3/app/layouts/default.vue","statementMap":{"0":{"start":{"line":22,"column":36},"end":{"line":22,"column":null}},"1":{"start":{"line":29,"column":13},"end":{"line":29,"column":null}},"2":{"start":{"line":35,"column":15},"end":{"line":35,"column":null}},"3":{"start":{"line":14,"column":2},"end":{"line":14,"column":null}},"4":{"start":{"line":52,"column":22},"end":{"line":52,"column":null}},"5":{"start":{"line":16,"column":27},"end":{"line":16,"column":null}},"6":{"start":{"line":16,"column":6},"end":{"line":16,"column":27}},"7":{"start":{"line":46,"column":26},"end":{"line":46,"column":null}},"8":{"start":{"line":17,"column":44},"end":{"line":17,"column":53}},"9":{"start":{"line":17,"column":55},"end":{"line":17,"column":67}},"10":{"start":{"line":21,"column":51},"end":{"line":21,"column":null}},"11":{"start":{"line":44,"column":16},"end":{"line":38,"column":null}},"12":{"start":{"line":30,"column":64},"end":{"line":30,"column":75}}},"fnMap":{"0":{"name":"(anonymous_0)","decl":{"start":{"line":21,"column":51},"end":{"line":21,"column":null}},"loc":{"start":{"line":21,"column":51},"end":{"line":21,"column":null}},"line":21},"1":{"name":"(anonymous_1)","decl":{"start":{"line":44,"column":16},"end":{"line":44,"column":null}},"loc":{"start":{"line":44,"column":16},"end":{"line":38,"column":null}},"line":44},"2":{"name":"(anonymous_2)","decl":{"start":{"line":30,"column":64},"end":{"line":30,"column":75}},"loc":{"start":{"line":30,"column":64},"end":{"line":30,"column":75}},"line":30}},"branchMap":{"0":{"loc":{"start":{"line":21,"column":12},"end":{"line":21,"column":null}},"type":"binary-expr","locations":[{"start":{"line":21,"column":12},"end":{"line":21,"column":null}},{"start":{"line":21,"column":51},"end":{"line":21,"column":null}}],"line":21},"1":{"loc":{"start":{"line":38,"column":18},"end":{"line":38,"column":null}},"type":"cond-expr","locations":[{"start":{"line":38,"column":18},"end":{"line":38,"column":null}},{"start":{"line":38,"column":18},"end":{"line":38,"column":null}}],"line":38},"2":{"loc":{"start":{"line":40,"column":34},"end":{"line":42,"column":41}},"type":"cond-expr","locations":[{"start":{"line":42,"column":41},"end":{"line":42,"column":41}},{"start":{"line":42,"column":35},"end":{"line":42,"column":41}}],"line":40},"3":{"loc":{"start":{"line":40,"column":34},"end":{"line":42,"column":null}},"type":"binary-expr","locations":[{"start":{"line":40,"column":34},"end":{"line":41,"column":23}},{"start":{"line":42,"column":41},"end":{"line":42,"column":null}}],"line":40},"4":{"loc":{"start":{"line":30,"column":35},"end":{"line":30,"column":53}},"type":"cond-expr","locations":[{"start":{"line":30,"column":35},"end":{"line":30,"column":53}},{"start":{"line":30,"column":35},"end":{"line":30,"column":53}}],"line":30},"5":{"loc":{"start":{"line":30,"column":64},"end":{"line":30,"column":75}},"type":"binary-expr","locations":[{"start":{"line":30,"column":64},"end":{"line":30,"column":75}},{"start":{"line":30,"column":64},"end":{"line":30,"column":75}}],"line":30}},"s":{"0":3,"1":3,"2":3,"3":3,"4":3,"5":3,"6":3,"7":3,"8":3,"9":3,"10":0,"11":3,"12":1},"f":{"0":0,"1":3,"2":1},"b":{"0":[3,3],"1":[3,0],"2":[3,0],"3":[3,3],"4":[0,3],"5":[3,3]},"meta":{"lastBranch":6,"lastFunction":3,"lastStatement":13,"seen":{"s:22:36:22:Infinity":0,"s:29:13:29:Infinity":1,"s:35:15:35:Infinity":2,"s:14:2:14:Infinity":3,"s:52:22:52:Infinity":4,"s:16:27:16:Infinity":5,"s:16:6:16:27":6,"s:46:26:46:Infinity":7,"s:17:44:17:53":8,"s:17:55:17:67":9,"b:21:12:21:Infinity:21:51:21:Infinity":0,"f:21:51:21:Infinity":0,"s:21:51:21:Infinity":10,"f:44:16:44:Infinity":1,"s:44:16:38:Infinity":11,"b:38:18:38:Infinity:38:18:38:Infinity":1,"b:42:41:42:41:42:35:42:41":2,"b:40:34:41:23:42:41:42:Infinity":3,"b:30:35:30:53:30:35:30:53":4,"b:30:64:30:75:30:64:30:75":5,"f:30:64:30:75":2,"s:30:64:30:75":12}}}
,"/Users/jhin1m/Desktop/ducanh-project/admin-manga-v3/app/middleware/auth.global.ts": {"path":"/Users/jhin1m/Desktop/ducanh-project/admin-manga-v3/app/middleware/auth.global.ts","statementMap":{"0":{"start":{"line":3,"column":2},"end":{"line":5,"column":null}},"1":{"start":{"line":4,"column":4},"end":{"line":4,"column":null}},"2":{"start":{"line":8,"column":8},"end":{"line":8,"column":null}},"3":{"start":{"line":10,"column":2},"end":{"line":12,"column":null}},"4":{"start":{"line":11,"column":4},"end":{"line":11,"column":null}}},"fnMap":{"0":{"name":"(anonymous_0)","decl":{"start":{"line":1,"column":41},"end":{"line":1,"column":42}},"loc":{"start":{"line":1,"column":49},"end":{"line":13,"column":1}},"line":1}},"branchMap":{"0":{"loc":{"start":{"line":3,"column":2},"end":{"line":5,"column":null}},"type":"if","locations":[{"start":{"line":3,"column":2},"end":{"line":5,"column":null}},{"start":{},"end":{}}],"line":3},"1":{"loc":{"start":{"line":10,"column":2},"end":{"line":12,"column":null}},"type":"if","locations":[{"start":{"line":10,"column":2},"end":{"line":12,"column":null}},{"start":{},"end":{}}],"line":10}},"s":{"0":12,"1":2,"2":10,"3":10,"4":10},"f":{"0":12},"b":{"0":[2,10],"1":[10,0]},"meta":{"lastBranch":2,"lastFunction":1,"lastStatement":5,"seen":{"f:1:41:1:42":0,"b:3:2:5:Infinity:undefined:undefined:undefined:undefined":0,"s:3:2:5:Infinity":0,"s:4:4:4:Infinity":1,"s:8:8:8:Infinity":2,"b:10:2:12:Infinity:undefined:undefined:undefined:undefined":1,"s:10:2:12:Infinity":3,"s:11:4:11:Infinity":4}}}
,"/Users/jhin1m/Desktop/ducanh-project/admin-manga-v3/app/middleware/guest.ts": {"path":"/Users/jhin1m/Desktop/ducanh-project/admin-manga-v3/app/middleware/guest.ts","statementMap":{"0":{"start":{"line":3,"column":8},"end":{"line":3,"column":null}},"1":{"start":{"line":6,"column":2},"end":{"line":8,"column":null}},"2":{"start":{"line":7,"column":4},"end":{"line":7,"column":null}}},"fnMap":{"0":{"name":"(anonymous_0)","decl":{"start":{"line":1,"column":41},"end":{"line":1,"column":47}},"loc":{"start":{"line":1,"column":47},"end":{"line":9,"column":1}},"line":1}},"branchMap":{"0":{"loc":{"start":{"line":6,"column":2},"end":{"line":8,"column":null}},"type":"if","locations":[{"start":{"line":6,"column":2},"end":{"line":8,"column":null}},{"start":{},"end":{}}],"line":6}},"s":{"0":2,"1":2,"2":0},"f":{"0":2},"b":{"0":[0,2]},"meta":{"lastBranch":1,"lastFunction":1,"lastStatement":3,"seen":{"f:1:41:1:47":0,"s:3:8:3:Infinity":0,"b:6:2:8:Infinity:undefined:undefined:undefined:undefined":0,"s:6:2:8:Infinity":1,"s:7:4:7:Infinity":2}}}
,"/Users/jhin1m/Desktop/ducanh-project/admin-manga-v3/app/pages/index.vue": {"path":"/Users/jhin1m/Desktop/ducanh-project/admin-manga-v3/app/pages/index.vue","statementMap":{"0":{"start":{"line":4,"column":0},"end":{"line":4,"column":null}},"1":{"start":{"line":5,"column":8},"end":{"line":5,"column":null}},"2":{"start":{"line":5,"column":19},"end":{"line":9,"column":91}},"3":{"start":{"line":8,"column":0},"end":{"line":8,"column":29}},"4":{"start":{"line":17,"column":2},"end":{"line":17,"column":null}},"5":{"start":{"line":18,"column":4},"end":{"line":18,"column":null}},"6":{"start":{"line":33,"column":13},"end":{"line":36,"column":36}}},"fnMap":{"0":{"name":"(anonymous_0)","decl":{"start":{"line":6,"column":1},"end":{"line":6,"column":null}},"loc":{"start":{"line":6,"column":1},"end":{"line":8,"column":null}},"line":6},"1":{"name":"(anonymous_1)","decl":{"start":{"line":33,"column":13},"end":{"line":33,"column":null}},"loc":{"start":{"line":33,"column":13},"end":{"line":36,"column":36}},"line":33}},"branchMap":{"0":{"loc":{"start":{"line":11,"column":28},"end":{"line":11,"column":71}},"type":"binary-expr","locations":[{"start":{"line":11,"column":28},"end":{"line":11,"column":54}},{"start":{"line":11,"column":54},"end":{"line":11,"column":71}}],"line":11},"1":{"loc":{"start":{"line":12,"column":28},"end":{"line":12,"column":67}},"type":"binary-expr","locations":[{"start":{"line":12,"column":28},"end":{"line":12,"column":54}},{"start":{"line":12,"column":54},"end":{"line":12,"column":67}}],"line":12},"2":{"loc":{"start":{"line":13,"column":1},"end":{"line":13,"column":null}},"type":"binary-expr","locations":[{"start":{"line":13,"column":1},"end":{"line":13,"column":null}},{"start":{"line":13,"column":1},"end":{"line":13,"column":null}}],"line":13},"3":{"loc":{"start":{"line":26,"column":10},"end":{"line":29,"column":null}},"type":"binary-expr","locations":[{"start":{"line":26,"column":10},"end":{"line":19,"column":15}},{"start":{"line":19,"column":15},"end":{"line":29,"column":null}}],"line":26},"4":{"loc":{"start":{"line":33,"column":13},"end":{"line":38,"column":null}},"type":"binary-expr","locations":[{"start":{"line":33,"column":13},"end":{"line":33,"column":null}},{"start":{"line":33,"column":13},"end":{"line":38,"column":null}}],"line":33}},"s":{"0":0,"1":0,"2":0,"3":0,"4":0,"5":0,"6":0},"f":{"0":0,"1":0},"b":{"0":[0,0],"1":[0,0],"2":[0,0],"3":[0,0],"4":[0,0]},"meta":{"lastBranch":0,"lastFunction":0,"lastStatement":0,"seen":{}}}
,"/Users/jhin1m/Desktop/ducanh-project/admin-manga-v3/app/pages/login.vue": {"path":"/Users/jhin1m/Desktop/ducanh-project/admin-manga-v3/app/pages/login.vue","statementMap":{"0":{"start":{"line":10,"column":0},"end":{"line":10,"column":null}},"1":{"start":{"line":13,"column":0},"end":{"line":16,"column":null}},"2":{"start":{"line":18,"column":6},"end":{"line":18,"column":24}},"3":{"start":{"line":19,"column":11},"end":{"line":25,"column":23}},"4":{"start":{"line":26,"column":9},"end":{"line":31,"column":null}},"5":{"start":{"line":32,"column":8},"end":{"line":36,"column":65}},"6":{"start":{"line":38,"column":13},"end":{"line":38,"column":69}},"7":{"start":{"line":38,"column":69},"end":{"line":46,"column":89}},"8":{"start":{"line":40,"column":2},"end":{"line":45,"column":null}},"9":{"start":{"line":42,"column":6},"end":{"line":42,"column":null}},"10":{"start":{"line":43,"column":9},"end":{"line":45,"column":null}},"11":{"start":{"line":44,"column":6},"end":{"line":44,"column":71}},"12":{"start":{"line":46,"column":89},"end":{"line":56,"column":null}},"13":{"start":{"line":48,"column":2},"end":{"line":55,"column":null}},"14":{"start":{"line":50,"column":2},"end":{"line":50,"column":null}},"15":{"start":{"line":51,"column":0},"end":{"line":55,"column":null}},"16":{"start":{"line":53,"column":0},"end":{"line":53,"column":null}},"17":{"start":{"line":57,"column":4},"end":{"line":57,"column":null}},"18":{"start":{"line":60,"column":2},"end":{"line":60,"column":null}},"19":{"start":{"line":62,"column":2},"end":{"line":66,"column":null}},"20":{"start":{"line":63,"column":2},"end":{"line":63,"column":null}},"21":{"start":{"line":64,"column":4},"end":{"line":64,"column":null}},"22":{"start":{"line":65,"column":2},"end":{"line":65,"column":null}},"23":{"start":{"line":70,"column":7},"end":{"line":70,"column":null}},"24":{"start":{"line":70,"column":2},"end":{"line":70,"column":7}},"25":{"start":{"line":130,"column":12},"end":{"line":130,"column":null}},"26":{"start":{"line":80,"column":14},"end":{"line":80,"column":null}},"27":{"start":{"line":73,"column":8},"end":{"line":73,"column":19}},"28":{"start":{"line":74,"column":10},"end":{"line":85,"column":null}},"29":{"start":{"line":96,"column":24},"end":{"line":106,"column":16}},"30":{"start":{"line":99,"column":18},"end":{"line":99,"column":null}},"31":{"start":{"line":112,"column":24},"end":{"line":122,"column":15}},"32":{"start":{"line":115,"column":18},"end":{"line":115,"column":null}}},"fnMap":{"0":{"name":"validate","decl":{"start":{"line":37,"column":4},"end":{"line":37,"column":16}},"loc":{"start":{"line":37,"column":25},"end":{"line":58,"column":null}},"line":37},"1":{"name":"(anonymous_1)","decl":{"start":{"line":74,"column":10},"end":{"line":74,"column":14}},"loc":{"start":{"line":74,"column":10},"end":{"line":85,"column":null}},"line":74},"2":{"name":"(anonymous_2)","decl":{"start":{"line":96,"column":24},"end":{"line":96,"column":null}},"loc":{"start":{"line":96,"column":24},"end":{"line":106,"column":16}},"line":96},"3":{"name":"(anonymous_3)","decl":{"start":{"line":99,"column":18},"end":{"line":99,"column":null}},"loc":{"start":{"line":99,"column":18},"end":{"line":99,"column":null}},"line":99},"4":{"name":"(anonymous_4)","decl":{"start":{"line":112,"column":24},"end":{"line":112,"column":null}},"loc":{"start":{"line":112,"column":24},"end":{"line":122,"column":15}},"line":112},"5":{"name":"(anonymous_5)","decl":{"start":{"line":115,"column":18},"end":{"line":115,"column":null}},"loc":{"start":{"line":115,"column":18},"end":{"line":115,"column":null}},"line":115}},"branchMap":{"0":{"loc":{"start":{"line":38,"column":69},"end":{"line":46,"column":89}},"type":"if","locations":[{"start":{"line":38,"column":69},"end":{"line":46,"column":89}},{"start":{},"end":{}}],"line":38},"1":{"loc":{"start":{"line":40,"column":2},"end":{"line":45,"column":null}},"type":"if","locations":[{"start":{"line":40,"column":2},"end":{"line":45,"column":null}},{"start":{"line":43,"column":9},"end":{"line":45,"column":null}}],"line":40},"2":{"loc":{"start":{"line":43,"column":9},"end":{"line":45,"column":null}},"type":"if","locations":[{"start":{"line":43,"column":9},"end":{"line":45,"column":null}},{"start":{},"end":{}}],"line":43},"3":{"loc":{"start":{"line":46,"column":89},"end":{"line":56,"column":null}},"type":"if","locations":[{"start":{"line":46,"column":89},"end":{"line":56,"column":null}},{"start":{},"end":{}}],"line":46},"4":{"loc":{"start":{"line":48,"column":2},"end":{"line":55,"column":null}},"type":"if","locations":[{"start":{"line":48,"column":2},"end":{"line":55,"column":null}},{"start":{"line":51,"column":0},"end":{"line":55,"column":null}}],"line":48},"5":{"loc":{"start":{"line":51,"column":0},"end":{"line":55,"column":null}},"type":"if","locations":[{"start":{"line":51,"column":0},"end":{"line":55,"column":null}},{"start":{},"end":{}}],"line":51},"6":{"loc":{"start":{"line":62,"column":2},"end":{"line":66,"column":null}},"type":"if","locations":[{"start":{"line":62,"column":2},"end":{"line":66,"column":null}},{"start":{},"end":{}}],"line":62},"7":{"loc":{"start":{"line":76,"column":15},"end":{"line":85,"column":null}},"type":"binary-expr","locations":[{"start":{"line":76,"column":15},"end":{"line":74,"column":20}},{"start":{"line":74,"column":20},"end":{"line":85,"column":null}}],"line":76},"8":{"loc":{"start":{"line":99,"column":18},"end":{"line":99,"column":null}},"type":"binary-expr","locations":[{"start":{"line":99,"column":18},"end":{"line":99,"column":null}},{"start":{"line":99,"column":18},"end":{"line":99,"column":null}}],"line":99},"9":{"loc":{"start":{"line":115,"column":18},"end":{"line":115,"column":null}},"type":"binary-expr","locations":[{"start":{"line":115,"column":18},"end":{"line":115,"column":null}},{"start":{"line":115,"column":18},"end":{"line":115,"column":null}}],"line":115}},"s":{"0":5,"1":5,"2":5,"3":5,"4":5,"5":5,"6":11,"7":11,"8":5,"9":3,"10":2,"11":2,"12":11,"13":3,"14":3,"15":0,"16":0,"17":11,"18":1,"19":1,"20":1,"21":1,"22":1,"23":5,"24":5,"25":5,"26":5,"27":5,"28":5,"29":21,"30":1,"31":20,"32":0},"f":{"0":11,"1":5,"2":21,"3":1,"4":20,"5":0},"b":{"0":[5,6],"1":[3,2],"2":[2,0],"3":[3,8],"4":[3,0],"5":[0,0],"6":[1,0],"7":[5,5],"8":[21,5],"9":[20,5]},"meta":{"lastBranch":0,"lastFunction":0,"lastStatement":0,"seen":{}}}
,"/Users/jhin1m/Desktop/ducanh-project/admin-manga-v3/app/pages/manga/index.vue": {"path":"/Users/jhin1m/Desktop/ducanh-project/admin-manga-v3/app/pages/manga/index.vue","statementMap":{},"fnMap":{},"branchMap":{},"s":{},"f":{},"b":{},"meta":{"lastBranch":0,"lastFunction":0,"lastStatement":0,"seen":{}}}
,"/Users/jhin1m/Desktop/ducanh-project/admin-manga-v3/app/pages/manga/[id]/edit/index.vue": {"path":"/Users/jhin1m/Desktop/ducanh-project/admin-manga-v3/app/pages/manga/[id]/edit/index.vue","statementMap":{},"fnMap":{},"branchMap":{},"s":{},"f":{},"b":{},"meta":{"lastBranch":0,"lastFunction":0,"lastStatement":0,"seen":{}}}
,"/Users/jhin1m/Desktop/ducanh-project/admin-manga-v3/app/pages/manga/create/index.vue": {"path":"/Users/jhin1m/Desktop/ducanh-project/admin-manga-v3/app/pages/manga/create/index.vue","statementMap":{},"fnMap":{},"branchMap":{},"s":{},"f":{},"b":{},"meta":{"lastBranch":0,"lastFunction":0,"lastStatement":0,"seen":{}}}
,"/Users/jhin1m/Desktop/ducanh-project/admin-manga-v3/app/pages/users/[id].vue": {"path":"/Users/jhin1m/Desktop/ducanh-project/admin-manga-v3/app/pages/users/[id].vue","statementMap":{},"fnMap":{},"branchMap":{},"s":{},"f":{},"b":{},"meta":{"lastBranch":0,"lastFunction":0,"lastStatement":0,"seen":{}}}
,"/Users/jhin1m/Desktop/ducanh-project/admin-manga-v3/app/pages/users/index.vue": {"path":"/Users/jhin1m/Desktop/ducanh-project/admin-manga-v3/app/pages/users/index.vue","statementMap":{},"fnMap":{},"branchMap":{},"s":{},"f":{},"b":{},"meta":{"lastBranch":0,"lastFunction":0,"lastStatement":0,"seen":{}}}
}
